This file contains any messages produced by compilers while
running configure, to aid debugging if configure makes a mistake.

It was created by mswebrtc configure 1.0.0, which was
generated by GNU Autoconf 2.68.  Invocation command line was

  $ ./configure --disable-option-checking --prefix=/usr/local --host=arm-linux-androideabi --with-python=./python --enable-gtk_ui=no --disable-speex --disable-xv --disable-glx --disable-zlib BELLESIP_CFLAGS=-I/home/hf/harry.he/linphone_sdk/belle-sip-1.4.1/include BELLESIP_LIBS=/home/hf/harry.he/linphone_sdk/belle-sip-1.4.1/src/libbellesip.la LIBXML2_CFLAGS=-I/home/hf/harry.he/linphone_sdk/libxml2-2.9.1/include LIBXML2_LIBS=/home/hf/harry.he/linphone_sdk/libxml2-2.9.1/libxml2.la ANTLR_CFLAGS=-I/home/hf/harry.he/linphone_sdk/libantlr3c-3.4/include -I/home/hf/harry.he/linphone_sdk/libantlr3c-3.4 ANTLR_LIBS=/home/hf/harry.he/linphone_sdk/libantlr3c-3.4/libantlr3c.la CFLAGS=-Wno-unused-function -Wno-unused-variable -DIN_LINPHONE --disable-libv4l2 --enable-video=yes --enable-alsa=no --enable-android=yes --disable-python FMS_UTILS_CFLAGS=-I/home/hf/harry.he/linphone_sdk/fremaks_utils/include -I/home/hf/harry.he/linphone_sdk/fremaks_utils/fms_common/include FMS_UTILS_LIBS=/home/hf/harry.he/linphone_sdk/fremaks_utils/fms_common/src/libfms_common.la LINPHONE_CFLAGS=-I/home/hf/harry.he/linphone_sdk/linphone-3.8.5/coreapi -I/home/hf/harry.he/linphone_sdk/linphone-3.8.5/oRTP/include -I/home/hf/harry.he/linphone_sdk/linphone-3.8.5/mediastreamer2/include -I/home/hf/harry.he/linphone_sdk/linphone-3.8.5/mediastreamer2/include/mediastreamer2 LINPHONE_LIBS=/home/hf/harry.he/linphone_sdk/linphone-3.8.5/coreapi/liblinphone.la /home/hf/harry.he/linphone_sdk/linphone-3.8.5/oRTP/src/libortp.la /home/hf/harry.he/linphone_sdk/linphone-3.8.5/mediastreamer2/src/libmediastreamer_base.la /home/hf/harry.he/linphone_sdk/linphone-3.8.5/mediastreamer2/src/libmediastreamer_voip.la CPPFLAGS=-Wno-strict-aliasing LDFLAGS=-lstdc++ --disable-tests --disable-pulseaudio --enable-msg-storage=no FFMPEG_CFLAGS=-I/home/hf/harry.he/linphone_sdk/ffmpeg -I/home/hf/harry.he/linphone_sdk/x264 FFMPEG_LIBS=-L/home/hf/harry.he/linphone_sdk/ffmpeg/libavcodec -lavcodec -L/home/hf/harry.he/linphone_sdk/ffmpeg/libavutil -lavutil -L/home/hf/harry.he/linphone_sdk/x264 -lx264 SWSCALE_CFLAGS=-I/home/hf/harry.he/linphone_sdk/ffmpeg -Wno-unused-variable SWSCALE_LIBS=-L/home/hf/harry.he/linphone_sdk/ffmpeg/libswscale -lswscale --disable-isac host_alias=arm-linux-androideabi --cache-file=/dev/null --srcdir=.

## --------- ##
## Platform. ##
## --------- ##

hostname = lnt7
uname -m = x86_64
uname -r = 3.2.0-89-generic
uname -s = Linux
uname -v = #127-Ubuntu SMP Tue Jul 28 09:28:15 UTC 2015

/usr/bin/uname -p = unknown
/bin/uname -X     = unknown

/bin/arch              = unknown
/usr/bin/arch -k       = unknown
/usr/convex/getsysinfo = unknown
/usr/bin/hostinfo      = unknown
/bin/machine           = unknown
/usr/bin/oslevel       = unknown
/bin/universe          = unknown

PATH: /usr/bin/jdk1.6.0_38/bin
PATH: /usr/bin/jdk1.6.0_38/jre/bin
PATH: /usr/local/sbin
PATH: /usr/local/bin
PATH: /usr/sbin
PATH: /usr/bin
PATH: /sbin
PATH: /bin
PATH: /usr/games
PATH: /home/hf/bin
PATH: /home/hf/harry.he/arm-linux-androideabi-4.6/bin


## ----------- ##
## Core tests. ##
## ----------- ##

configure:2161: checking build system type
configure:2175: result: x86_64-unknown-linux-gnu
configure:2195: checking host system type
configure:2208: result: arm-unknown-linux-androideabi
configure:2228: checking target system type
configure:2241: result: arm-unknown-linux-androideabi
configure:2285: checking for a BSD-compatible install
configure:2353: result: /usr/bin/install -c
configure:2364: checking whether build environment is sane
configure:2414: result: yes
configure:2463: checking for arm-linux-androideabi-strip
configure:2479: found /home/hf/harry.he/arm-linux-androideabi-4.6/bin/arm-linux-androideabi-strip
configure:2490: result: arm-linux-androideabi-strip
configure:2555: checking for a thread-safe mkdir -p
configure:2594: result: /bin/mkdir -p
configure:2607: checking for gawk
configure:2637: result: no
configure:2607: checking for mawk
configure:2623: found /usr/bin/mawk
configure:2634: result: mawk
configure:2645: checking whether make sets $(MAKE)
configure:2667: result: yes
configure:2742: checking how to create a ustar tar archive
configure:2755: tar --version
tar (GNU tar) 1.26
Copyright (C) 2011 Free Software Foundation, Inc.
License GPLv3+: GNU GPL version 3 or later <http://gnu.org/licenses/gpl.html>.
This is free software: you are free to change and redistribute it.
There is NO WARRANTY, to the extent permitted by law.

Written by John Gilmore and Jay Fenlason.
configure:2758: $? = 0
configure:2798: tardir=conftest.dir && eval tar --format=ustar -chf - "$tardir" >conftest.tar
configure:2801: $? = 0
configure:2805: tar -xf - <conftest.tar
configure:2808: $? = 0
configure:2821: result: gnutar
configure:2875: checking for arm-linux-androideabi-pkg-config
configure:2908: result: no
configure:2918: checking for pkg-config
configure:2936: found /usr/bin/pkg-config
configure:2948: result: /usr/bin/pkg-config
configure:2973: checking pkg-config is at least version 0.9.0
configure:2976: result: yes
configure:2986: checking for LINPHONE
configure:3071: result: yes
configure:3429: checking how to print strings
configure:3456: result: printf
configure:3489: checking for style of include used by make
configure:3517: result: GNU
configure:3548: checking for arm-linux-androideabi-gcc
configure:3564: found /home/hf/harry.he/arm-linux-androideabi-4.6/bin/arm-linux-androideabi-gcc
configure:3575: result: arm-linux-androideabi-gcc
configure:3844: checking for C compiler version
configure:3853: arm-linux-androideabi-gcc --version >&5
arm-linux-androideabi-gcc (GCC) 4.6 20120106 (prerelease)
Copyright (C) 2011 Free Software Foundation, Inc.
This is free software; see the source for copying conditions.  There is NO
warranty; not even for MERCHANTABILITY or FITNESS FOR A PARTICULAR PURPOSE.

configure:3864: $? = 0
configure:3853: arm-linux-androideabi-gcc -v >&5
Using built-in specs.
COLLECT_GCC=arm-linux-androideabi-gcc
COLLECT_LTO_WRAPPER=/home/hf/harry.he/arm-linux-androideabi-4.6/bin/../libexec/gcc/arm-linux-androideabi/4.6/lto-wrapper
Target: arm-linux-androideabi
Configured with: /s/ndk-toolchain/src/build/../gcc/gcc-4.6/configure --prefix=/tmp/ndk-andrewhsieh/gcc/prefix --target=arm-linux-androideabi --host=x86_64-linux-gnu --build=x86_64-linux-gnu --with-gnu-as --with-gnu-ld --enable-languages=c,c++ --with-gmp=/tmp/ndk-andrewhsieh/gcc/temp-install --with-mpfr=/tmp/ndk-andrewhsieh/gcc/temp-install --with-mpc=/tmp/ndk-andrewhsieh/gcc/temp-install --with-cloog=/tmp/ndk-andrewhsieh/gcc/temp-install --with-isl=/tmp/ndk-andrewhsieh/gcc/temp-install --with-ppl=/tmp/ndk-andrewhsieh/gcc/temp-install --disable-ppl-version-check --disable-cloog-version-check --disable-isl-version-check --enable-cloog-backend=isl --with-host-libstdcxx='-static-libgcc -Wl,-Bstatic,-lstdc++,-Bdynamic -lm' --disable-libssp --enable-threads --disable-nls --disable-libmudflap --disable-libgomp --disable-libstdc__-v3 --disable-sjlj-exceptions --disable-shared --disable-tls --disable-libitm --with-float=soft --with-fpu=vfp --with-arch=armv5te --enable-target-optspace --enable-initfini-array --disable-nls --prefix=/tmp/ndk-andrewhsieh/gcc/prefix --with-sysroot=/tmp/ndk-andrewhsieh/gcc/prefix/sysroot --with-binutils-version=2.21 --with-mpfr-version=3.1.1 --with-mpc-version=1.0.1 --with-gmp-version=5.0.5 --with-gcc-version=4.6 --with-gdb-version=7.3.x --with-python=/usr/local/google/home/andrewhsieh/mydroid/ndk/prebuilt/linux-x86/bin/python-config.sh --with-gxx-include-dir=/tmp/ndk-andrewhsieh/gcc/prefix/include/c++/4.6 --with-bugurl=http://source.android.com/source/report-bugs.html --disable-bootstrap --disable-libquadmath --enable-plugins --enable-libgomp --disable-libsanitizer --enable-gold --enable-graphite=yes --with-cloog-version=0.18.0 --with-ppl-version=1.0 --enable-eh-frame-hdr-for-static --with-arch=armv5te --program-transform-name='s&^&arm-linux-androideabi-&' --enable-gold=default
Thread model: posix
gcc version 4.6 20120106 (prerelease) (GCC) 
configure:3864: $? = 0
configure:3853: arm-linux-androideabi-gcc -V >&5
arm-linux-androideabi-gcc: error: unrecognized option '-V'
arm-linux-androideabi-gcc: fatal error: no input files
compilation terminated.
configure:3864: $? = 1
configure:3853: arm-linux-androideabi-gcc -qversion >&5
arm-linux-androideabi-gcc: error: unrecognized option '-qversion'
arm-linux-androideabi-gcc: fatal error: no input files
compilation terminated.
configure:3864: $? = 1
configure:3884: checking whether the C compiler works
configure:3906: arm-linux-androideabi-gcc -Wno-unused-function -Wno-unused-variable -DIN_LINPHONE -Wall -Wno-strict-aliasing -lstdc++ conftest.c  >&5
configure:3910: $? = 0
configure:3958: result: yes
configure:3961: checking for C compiler default output file name
configure:3963: result: a.out
configure:3969: checking for suffix of executables
configure:3976: arm-linux-androideabi-gcc -o conftest -Wno-unused-function -Wno-unused-variable -DIN_LINPHONE -Wall -Wno-strict-aliasing -lstdc++ conftest.c  >&5
configure:3980: $? = 0
configure:4002: result: 
configure:4024: checking whether we are cross compiling
configure:4032: arm-linux-androideabi-gcc -o conftest -Wno-unused-function -Wno-unused-variable -DIN_LINPHONE -Wall -Wno-strict-aliasing -lstdc++ conftest.c  >&5
configure:4036: $? = 0
configure:4043: ./conftest
/system/bin/linker: No such file or directory
configure:4047: $? = 255
configure:4062: result: yes
configure:4067: checking for suffix of object files
configure:4089: arm-linux-androideabi-gcc -c -Wno-unused-function -Wno-unused-variable -DIN_LINPHONE -Wall -Wno-strict-aliasing conftest.c >&5
configure:4093: $? = 0
configure:4114: result: o
configure:4118: checking whether we are using the GNU C compiler
configure:4137: arm-linux-androideabi-gcc -c -Wno-unused-function -Wno-unused-variable -DIN_LINPHONE -Wall -Wno-strict-aliasing conftest.c >&5
configure:4137: $? = 0
configure:4146: result: yes
configure:4155: checking whether arm-linux-androideabi-gcc accepts -g
configure:4175: arm-linux-androideabi-gcc -c -g -Wno-strict-aliasing conftest.c >&5
configure:4175: $? = 0
configure:4216: result: yes
configure:4233: checking for arm-linux-androideabi-gcc option to accept ISO C89
configure:4297: arm-linux-androideabi-gcc  -c -Wno-unused-function -Wno-unused-variable -DIN_LINPHONE -Wall -Wno-strict-aliasing conftest.c >&5
configure:4297: $? = 0
configure:4310: result: none needed
configure:4332: checking dependency style of arm-linux-androideabi-gcc
configure:4443: result: gcc3
configure:4458: checking for a sed that does not truncate output
configure:4522: result: /bin/sed
configure:4540: checking for grep that handles long lines and -e
configure:4598: result: /bin/grep
configure:4603: checking for egrep
configure:4665: result: /bin/grep -E
configure:4670: checking for fgrep
configure:4732: result: /bin/grep -F
configure:4767: checking for ld used by arm-linux-androideabi-gcc
configure:4834: result: /home/hf/harry.he/arm-linux-androideabi-4.6/arm-linux-androideabi/bin/ld
configure:4841: checking if the linker (/home/hf/harry.he/arm-linux-androideabi-4.6/arm-linux-androideabi/bin/ld) is GNU ld
configure:4856: result: yes
configure:4868: checking for BSD- or MS-compatible name lister (nm)
configure:4917: result: /home/hf/harry.he/arm-linux-androideabi-4.6/bin/arm-linux-androideabi-nm -B
configure:5047: checking the name lister (/home/hf/harry.he/arm-linux-androideabi-4.6/bin/arm-linux-androideabi-nm -B) interface
configure:5054: arm-linux-androideabi-gcc -c -Wno-unused-function -Wno-unused-variable -DIN_LINPHONE -Wall -Wno-strict-aliasing conftest.c >&5
configure:5057: /home/hf/harry.he/arm-linux-androideabi-4.6/bin/arm-linux-androideabi-nm -B "conftest.o"
configure:5060: output
00000000 B some_variable
configure:5067: result: BSD nm
configure:5070: checking whether ln -s works
configure:5074: result: yes
configure:5082: checking the maximum length of command line arguments
configure:5212: result: 1572864
configure:5229: checking whether the shell understands some XSI constructs
configure:5239: result: yes
configure:5243: checking whether the shell understands "+="
configure:5249: result: yes
configure:5284: checking how to convert x86_64-unknown-linux-gnu file names to arm-unknown-linux-androideabi format
configure:5324: result: func_convert_file_noop
configure:5331: checking how to convert x86_64-unknown-linux-gnu file names to toolchain format
configure:5351: result: func_convert_file_noop
configure:5358: checking for /home/hf/harry.he/arm-linux-androideabi-4.6/arm-linux-androideabi/bin/ld option to reload object files
configure:5365: result: -r
configure:5399: checking for arm-linux-androideabi-objdump
configure:5426: result: objdump
configure:5495: checking how to recognize dependent libraries
configure:5697: result: pass_all
configure:5742: checking for arm-linux-androideabi-dlltool
configure:5769: result: dlltool
configure:5839: checking how to associate runtime and link libraries
configure:5866: result: printf %s\n
configure:5883: checking for arm-linux-androideabi-ar
configure:5899: found /home/hf/harry.he/arm-linux-androideabi-4.6/bin/arm-linux-androideabi-ar
configure:5910: result: arm-linux-androideabi-ar
configure:5991: checking for archiver @FILE support
configure:6008: arm-linux-androideabi-gcc -c -Wno-unused-function -Wno-unused-variable -DIN_LINPHONE -Wall -Wno-strict-aliasing conftest.c >&5
configure:6008: $? = 0
configure:6011: arm-linux-androideabi-ar cru libconftest.a @conftest.lst >&5
configure:6014: $? = 0
configure:6019: arm-linux-androideabi-ar cru libconftest.a @conftest.lst >&5
arm-linux-androideabi-ar: conftest.o: No such file or directory
configure:6022: $? = 1
configure:6034: result: @
configure:6052: checking for arm-linux-androideabi-strip
configure:6079: result: arm-linux-androideabi-strip
configure:6151: checking for arm-linux-androideabi-ranlib
configure:6167: found /home/hf/harry.he/arm-linux-androideabi-4.6/bin/arm-linux-androideabi-ranlib
configure:6178: result: arm-linux-androideabi-ranlib
configure:6320: checking command to parse /home/hf/harry.he/arm-linux-androideabi-4.6/bin/arm-linux-androideabi-nm -B output from arm-linux-androideabi-gcc object
configure:6440: arm-linux-androideabi-gcc -c -Wno-unused-function -Wno-unused-variable -DIN_LINPHONE -Wall -Wno-strict-aliasing conftest.c >&5
configure:6443: $? = 0
configure:6447: /home/hf/harry.he/arm-linux-androideabi-4.6/bin/arm-linux-androideabi-nm -B conftest.o \| sed -n -e 's/^.*[ ]\([ABCDGIRSTW][ABCDGIRSTW]*\)[ ][ ]*\([_A-Za-z][_A-Za-z0-9]*\)$/\1 \2 \2/p' | sed '/ __gnu_lto/d' \> conftest.nm
configure:6450: $? = 0
configure:6516: arm-linux-androideabi-gcc -o conftest -Wno-unused-function -Wno-unused-variable -DIN_LINPHONE -Wall -Wno-strict-aliasing -lstdc++ conftest.c conftstm.o >&5
configure:6519: $? = 0
configure:6557: result: ok
configure:6594: checking for sysroot
configure:6624: result: no
configure:6840: checking for arm-linux-androideabi-mt
configure:6870: result: no
configure:6880: checking for mt
configure:6896: found /bin/mt
configure:6907: result: mt
configure:6919: WARNING: using cross tools not prefixed with host triplet
configure:6930: checking if mt is a manifest tool
configure:6936: mt '-?'
configure:6944: result: no
configure:7586: checking how to run the C preprocessor
configure:7617: arm-linux-androideabi-gcc -E -Wno-strict-aliasing conftest.c
configure:7617: $? = 0
configure:7631: arm-linux-androideabi-gcc -E -Wno-strict-aliasing conftest.c
conftest.c:11:28: fatal error: ac_nonexistent.h: No such file or directory
compilation terminated.
configure:7631: $? = 1
configure: failed program was:
| /* confdefs.h */
| #define PACKAGE_NAME "mswebrtc"
| #define PACKAGE_TARNAME "mswebrtc"
| #define PACKAGE_VERSION "1.0.0"
| #define PACKAGE_STRING "mswebrtc 1.0.0"
| #define PACKAGE_BUGREPORT ""
| #define PACKAGE_URL ""
| #define PACKAGE "mswebrtc"
| #define VERSION "1.0.0"
| /* end confdefs.h.  */
| #include <ac_nonexistent.h>
configure:7656: result: arm-linux-androideabi-gcc -E
configure:7676: arm-linux-androideabi-gcc -E -Wno-strict-aliasing conftest.c
configure:7676: $? = 0
configure:7690: arm-linux-androideabi-gcc -E -Wno-strict-aliasing conftest.c
conftest.c:11:28: fatal error: ac_nonexistent.h: No such file or directory
compilation terminated.
configure:7690: $? = 1
configure: failed program was:
| /* confdefs.h */
| #define PACKAGE_NAME "mswebrtc"
| #define PACKAGE_TARNAME "mswebrtc"
| #define PACKAGE_VERSION "1.0.0"
| #define PACKAGE_STRING "mswebrtc 1.0.0"
| #define PACKAGE_BUGREPORT ""
| #define PACKAGE_URL ""
| #define PACKAGE "mswebrtc"
| #define VERSION "1.0.0"
| /* end confdefs.h.  */
| #include <ac_nonexistent.h>
configure:7719: checking for ANSI C header files
configure:7739: arm-linux-androideabi-gcc -c -Wno-unused-function -Wno-unused-variable -DIN_LINPHONE -Wall -Wno-strict-aliasing conftest.c >&5
configure:7739: $? = 0
configure:7823: result: yes
configure:7836: checking for sys/types.h
configure:7836: arm-linux-androideabi-gcc -c -Wno-unused-function -Wno-unused-variable -DIN_LINPHONE -Wall -Wno-strict-aliasing conftest.c >&5
configure:7836: $? = 0
configure:7836: result: yes
configure:7836: checking for sys/stat.h
configure:7836: arm-linux-androideabi-gcc -c -Wno-unused-function -Wno-unused-variable -DIN_LINPHONE -Wall -Wno-strict-aliasing conftest.c >&5
configure:7836: $? = 0
configure:7836: result: yes
configure:7836: checking for stdlib.h
configure:7836: arm-linux-androideabi-gcc -c -Wno-unused-function -Wno-unused-variable -DIN_LINPHONE -Wall -Wno-strict-aliasing conftest.c >&5
configure:7836: $? = 0
configure:7836: result: yes
configure:7836: checking for string.h
configure:7836: arm-linux-androideabi-gcc -c -Wno-unused-function -Wno-unused-variable -DIN_LINPHONE -Wall -Wno-strict-aliasing conftest.c >&5
configure:7836: $? = 0
configure:7836: result: yes
configure:7836: checking for memory.h
configure:7836: arm-linux-androideabi-gcc -c -Wno-unused-function -Wno-unused-variable -DIN_LINPHONE -Wall -Wno-strict-aliasing conftest.c >&5
configure:7836: $? = 0
configure:7836: result: yes
configure:7836: checking for strings.h
configure:7836: arm-linux-androideabi-gcc -c -Wno-unused-function -Wno-unused-variable -DIN_LINPHONE -Wall -Wno-strict-aliasing conftest.c >&5
configure:7836: $? = 0
configure:7836: result: yes
configure:7836: checking for inttypes.h
configure:7836: arm-linux-androideabi-gcc -c -Wno-unused-function -Wno-unused-variable -DIN_LINPHONE -Wall -Wno-strict-aliasing conftest.c >&5
configure:7836: $? = 0
configure:7836: result: yes
configure:7836: checking for stdint.h
configure:7836: arm-linux-androideabi-gcc -c -Wno-unused-function -Wno-unused-variable -DIN_LINPHONE -Wall -Wno-strict-aliasing conftest.c >&5
configure:7836: $? = 0
configure:7836: result: yes
configure:7836: checking for unistd.h
configure:7836: arm-linux-androideabi-gcc -c -Wno-unused-function -Wno-unused-variable -DIN_LINPHONE -Wall -Wno-strict-aliasing conftest.c >&5
configure:7836: $? = 0
configure:7836: result: yes
configure:7850: checking for dlfcn.h
configure:7850: arm-linux-androideabi-gcc -c -Wno-unused-function -Wno-unused-variable -DIN_LINPHONE -Wall -Wno-strict-aliasing conftest.c >&5
configure:7850: $? = 0
configure:7850: result: yes
configure:8053: checking for objdir
configure:8068: result: .libs
configure:8335: checking if arm-linux-androideabi-gcc supports -fno-rtti -fno-exceptions
configure:8353: arm-linux-androideabi-gcc -c -Wno-unused-function -Wno-unused-variable -DIN_LINPHONE -Wall -Wno-strict-aliasing -fno-rtti -fno-exceptions conftest.c >&5
cc1: warning: command line option '-fno-rtti' is valid for C++/ObjC++ but not for C [enabled by default]
configure:8357: $? = 0
configure:8370: result: no
configure:8697: checking for arm-linux-androideabi-gcc option to produce PIC
configure:8704: result: -fPIC -DPIC
configure:8712: checking if arm-linux-androideabi-gcc PIC flag -fPIC -DPIC works
configure:8730: arm-linux-androideabi-gcc -c -Wno-unused-function -Wno-unused-variable -DIN_LINPHONE -Wall -Wno-strict-aliasing -fPIC -DPIC -DPIC conftest.c >&5
configure:8734: $? = 0
configure:8747: result: yes
configure:8776: checking if arm-linux-androideabi-gcc static flag -static works
configure:8804: result: yes
configure:8819: checking if arm-linux-androideabi-gcc supports -c -o file.o
configure:8840: arm-linux-androideabi-gcc -c -Wno-unused-function -Wno-unused-variable -DIN_LINPHONE -Wall -Wno-strict-aliasing -o out/conftest2.o conftest.c >&5
configure:8844: $? = 0
configure:8866: result: yes
configure:8874: checking if arm-linux-androideabi-gcc supports -c -o file.o
configure:8921: result: yes
configure:8954: checking whether the arm-linux-androideabi-gcc linker (/home/hf/harry.he/arm-linux-androideabi-4.6/arm-linux-androideabi/bin/ld) supports shared libraries
configure:10111: result: yes
configure:10148: checking whether -lc should be explicitly linked in
configure:10156: arm-linux-androideabi-gcc -c -Wno-unused-function -Wno-unused-variable -DIN_LINPHONE -Wall -Wno-strict-aliasing conftest.c >&5
configure:10159: $? = 0
configure:10174: arm-linux-androideabi-gcc -shared  -fPIC -DPIC conftest.o  -v -Wl,-soname -Wl,conftest -o conftest 2\>\&1 \| /bin/grep  -lc  \>/dev/null 2\>\&1
configure:10177: $? = 0
configure:10191: result: no
configure:10351: checking dynamic linker characteristics
configure:10862: arm-linux-androideabi-gcc -o conftest -Wno-unused-function -Wno-unused-variable -DIN_LINPHONE -Wall -Wno-strict-aliasing -lstdc++ -Wl,-rpath -Wl,/foo conftest.c  >&5
configure:10862: $? = 0
configure:11096: result: GNU/Linux ld.so
configure:11203: checking how to hardcode library paths into programs
configure:11228: result: immediate
configure:11768: checking whether stripping libraries is possible
configure:11773: result: yes
configure:11808: checking if libtool supports shared libraries
configure:11810: result: yes
configure:11813: checking whether to build shared libraries
configure:11834: result: yes
configure:11837: checking whether to build static libraries
configure:11841: result: no
configure:12120: creating ./config.status

## ---------------------- ##
## Running config.status. ##
## ---------------------- ##

This file was extended by mswebrtc config.status 1.0.0, which was
generated by GNU Autoconf 2.68.  Invocation command line was

  CONFIG_FILES    = 
  CONFIG_HEADERS  = 
  CONFIG_LINKS    = 
  CONFIG_COMMANDS = 
  $ ./config.status 

on lnt7

config.status:1116: creating Makefile
config.status:1116: creating mswebrtc.iss
config.status:1116: creating config.h
config.status:1297: config.h is unchanged
config.status:1345: executing depfiles commands
config.status:1345: executing libtool commands
config.status:1345: executing libtool-hacking commands

## ---------------- ##
## Cache variables. ##
## ---------------- ##

ac_cv_build=x86_64-unknown-linux-gnu
ac_cv_c_compiler_gnu=yes
ac_cv_env_CC_set=
ac_cv_env_CC_value=
ac_cv_env_CFLAGS_set=set
ac_cv_env_CFLAGS_value='-Wno-unused-function -Wno-unused-variable -DIN_LINPHONE'
ac_cv_env_CPPFLAGS_set=set
ac_cv_env_CPPFLAGS_value=-Wno-strict-aliasing
ac_cv_env_CPP_set=
ac_cv_env_CPP_value=
ac_cv_env_LDFLAGS_set=set
ac_cv_env_LDFLAGS_value=-lstdc++
ac_cv_env_LIBS_set=
ac_cv_env_LIBS_value=
ac_cv_env_LINPHONE_CFLAGS_set=set
ac_cv_env_LINPHONE_CFLAGS_value='-I/home/hf/harry.he/linphone_sdk/linphone-3.8.5/coreapi -I/home/hf/harry.he/linphone_sdk/linphone-3.8.5/oRTP/include -I/home/hf/harry.he/linphone_sdk/linphone-3.8.5/mediastreamer2/include -I/home/hf/harry.he/linphone_sdk/linphone-3.8.5/mediastreamer2/include/mediastreamer2'
ac_cv_env_LINPHONE_LIBS_set=set
ac_cv_env_LINPHONE_LIBS_value='/home/hf/harry.he/linphone_sdk/linphone-3.8.5/coreapi/liblinphone.la /home/hf/harry.he/linphone_sdk/linphone-3.8.5/oRTP/src/libortp.la /home/hf/harry.he/linphone_sdk/linphone-3.8.5/mediastreamer2/src/libmediastreamer_base.la /home/hf/harry.he/linphone_sdk/linphone-3.8.5/mediastreamer2/src/libmediastreamer_voip.la'
ac_cv_env_PKG_CONFIG_LIBDIR_set=
ac_cv_env_PKG_CONFIG_LIBDIR_value=
ac_cv_env_PKG_CONFIG_PATH_set=
ac_cv_env_PKG_CONFIG_PATH_value=
ac_cv_env_PKG_CONFIG_set=
ac_cv_env_PKG_CONFIG_value=
ac_cv_env_build_alias_set=
ac_cv_env_build_alias_value=
ac_cv_env_host_alias_set=set
ac_cv_env_host_alias_value=arm-linux-androideabi
ac_cv_env_target_alias_set=
ac_cv_env_target_alias_value=
ac_cv_header_dlfcn_h=yes
ac_cv_header_inttypes_h=yes
ac_cv_header_memory_h=yes
ac_cv_header_stdc=yes
ac_cv_header_stdint_h=yes
ac_cv_header_stdlib_h=yes
ac_cv_header_string_h=yes
ac_cv_header_strings_h=yes
ac_cv_header_sys_stat_h=yes
ac_cv_header_sys_types_h=yes
ac_cv_header_unistd_h=yes
ac_cv_host=arm-unknown-linux-androideabi
ac_cv_objext=o
ac_cv_path_EGREP='/bin/grep -E'
ac_cv_path_FGREP='/bin/grep -F'
ac_cv_path_GREP=/bin/grep
ac_cv_path_SED=/bin/sed
ac_cv_path_ac_pt_PKG_CONFIG=/usr/bin/pkg-config
ac_cv_path_install='/usr/bin/install -c'
ac_cv_path_mkdir=/bin/mkdir
ac_cv_prog_AR=arm-linux-androideabi-ar
ac_cv_prog_AWK=mawk
ac_cv_prog_CC=arm-linux-androideabi-gcc
ac_cv_prog_CPP='arm-linux-androideabi-gcc -E'
ac_cv_prog_DLLTOOL=dlltool
ac_cv_prog_OBJDUMP=objdump
ac_cv_prog_RANLIB=arm-linux-androideabi-ranlib
ac_cv_prog_STRIP=arm-linux-androideabi-strip
ac_cv_prog_ac_ct_MANIFEST_TOOL=mt
ac_cv_prog_cc_c89=
ac_cv_prog_cc_g=yes
ac_cv_prog_make_make_set=yes
ac_cv_target=arm-unknown-linux-androideabi
am_cv_CC_dependencies_compiler_type=gcc3
am_cv_prog_tar_ustar=gnutar
lt_cv_ar_at_file=@
lt_cv_archive_cmds_need_lc=no
lt_cv_deplibs_check_method=pass_all
lt_cv_file_magic_cmd='$MAGIC_CMD'
lt_cv_file_magic_test_file=
lt_cv_ld_reload_flag=-r
lt_cv_nm_interface='BSD nm'
lt_cv_objdir=.libs
lt_cv_path_LD=/home/hf/harry.he/arm-linux-androideabi-4.6/arm-linux-androideabi/bin/ld
lt_cv_path_NM='/home/hf/harry.he/arm-linux-androideabi-4.6/bin/arm-linux-androideabi-nm -B'
lt_cv_path_mainfest_tool=no
lt_cv_prog_compiler_c_o=yes
lt_cv_prog_compiler_pic='-fPIC -DPIC'
lt_cv_prog_compiler_pic_works=yes
lt_cv_prog_compiler_rtti_exceptions=no
lt_cv_prog_compiler_static_works=yes
lt_cv_prog_gnu_ld=yes
lt_cv_sharedlib_from_linklib_cmd='printf %s\n'
lt_cv_shlibpath_overrides_runpath=no
lt_cv_sys_global_symbol_pipe='sed -n -e '\''s/^.*[	 ]\([ABCDGIRSTW][ABCDGIRSTW]*\)[	 ][	 ]*\([_A-Za-z][_A-Za-z0-9]*\)$/\1 \2 \2/p'\'' | sed '\''/ __gnu_lto/d'\'''
lt_cv_sys_global_symbol_to_c_name_address='sed -n -e '\''s/^: \([^ ]*\)[ ]*$/  {\"\1\", (void *) 0},/p'\'' -e '\''s/^[ABCDGIRSTW]* \([^ ]*\) \([^ ]*\)$/  {"\2", (void *) \&\2},/p'\'''
lt_cv_sys_global_symbol_to_c_name_address_lib_prefix='sed -n -e '\''s/^: \([^ ]*\)[ ]*$/  {\"\1\", (void *) 0},/p'\'' -e '\''s/^[ABCDGIRSTW]* \([^ ]*\) \(lib[^ ]*\)$/  {"\2", (void *) \&\2},/p'\'' -e '\''s/^[ABCDGIRSTW]* \([^ ]*\) \([^ ]*\)$/  {"lib\2", (void *) \&\2},/p'\'''
lt_cv_sys_global_symbol_to_cdecl='sed -n -e '\''s/^T .* \(.*\)$/extern int \1();/p'\'' -e '\''s/^[ABCDGIRSTW]* .* \(.*\)$/extern char \1;/p'\'''
lt_cv_sys_max_cmd_len=1572864
lt_cv_to_host_file_cmd=func_convert_file_noop
lt_cv_to_tool_file_cmd=func_convert_file_noop
pkg_cv_LINPHONE_CFLAGS='-I/home/hf/harry.he/linphone_sdk/linphone-3.8.5/coreapi -I/home/hf/harry.he/linphone_sdk/linphone-3.8.5/oRTP/include -I/home/hf/harry.he/linphone_sdk/linphone-3.8.5/mediastreamer2/include -I/home/hf/harry.he/linphone_sdk/linphone-3.8.5/mediastreamer2/include/mediastreamer2'
pkg_cv_LINPHONE_LIBS='/home/hf/harry.he/linphone_sdk/linphone-3.8.5/coreapi/liblinphone.la /home/hf/harry.he/linphone_sdk/linphone-3.8.5/oRTP/src/libortp.la /home/hf/harry.he/linphone_sdk/linphone-3.8.5/mediastreamer2/src/libmediastreamer_base.la /home/hf/harry.he/linphone_sdk/linphone-3.8.5/mediastreamer2/src/libmediastreamer_voip.la'

## ----------------- ##
## Output variables. ##
## ----------------- ##

ACLOCAL='${SHELL} /home/hf/harry.he/linphone_sdk/mswebrtc/build-aux/missing --run aclocal-1.11'
AMDEPBACKSLASH='\'
AMDEP_FALSE='#'
AMDEP_TRUE=''
AMTAR='$${TAR-tar}'
AR='arm-linux-androideabi-ar'
AS='as'
AUTOCONF='${SHELL} /home/hf/harry.he/linphone_sdk/mswebrtc/build-aux/missing --run autoconf'
AUTOHEADER='${SHELL} /home/hf/harry.he/linphone_sdk/mswebrtc/build-aux/missing --run autoheader'
AUTOMAKE='${SHELL} /home/hf/harry.he/linphone_sdk/mswebrtc/build-aux/missing --run automake-1.11'
AWK='mawk'
BUILD_AEC_FALSE='#'
BUILD_AEC_TRUE=''
BUILD_ISAC_FALSE=''
BUILD_ISAC_TRUE='#'
BUILD_WIN32_FALSE=''
BUILD_WIN32_TRUE='#'
CC='arm-linux-androideabi-gcc'
CCDEPMODE='depmode=gcc3'
CFLAGS='-Wno-unused-function -Wno-unused-variable -DIN_LINPHONE -Wall -DWEBRTC_LINUX -DWEBRTC_THREAD_RR'
CPP='arm-linux-androideabi-gcc -E'
CPPFLAGS='-Wno-strict-aliasing'
CYGPATH_W='echo'
DEFS='-DHAVE_CONFIG_H'
DEPDIR='.deps'
DLLTOOL='dlltool'
DSYMUTIL=''
DUMPBIN=''
ECHO_C=''
ECHO_N='-n'
ECHO_T=''
EGREP='/bin/grep -E'
EXEEXT=''
FGREP='/bin/grep -F'
GREP='/bin/grep'
INSTALL_DATA='${INSTALL} -m 644'
INSTALL_PROGRAM='${INSTALL}'
INSTALL_SCRIPT='${INSTALL}'
INSTALL_STRIP_PROGRAM='$(install_sh) -c -s'
ISAC_FLAVOUR='fix'
ISAC_FLAVOUR_MAIN_FALSE=''
ISAC_FLAVOUR_MAIN_TRUE='#'
LD='/home/hf/harry.he/arm-linux-androideabi-4.6/arm-linux-androideabi/bin/ld'
LDFLAGS='-lstdc++'
LIBOBJS=''
LIBS=''
LIBTOOL='$(SHELL) $(top_builddir)/libtool'
LINPHONE_CFLAGS='-I/home/hf/harry.he/linphone_sdk/linphone-3.8.5/coreapi -I/home/hf/harry.he/linphone_sdk/linphone-3.8.5/oRTP/include -I/home/hf/harry.he/linphone_sdk/linphone-3.8.5/mediastreamer2/include -I/home/hf/harry.he/linphone_sdk/linphone-3.8.5/mediastreamer2/include/mediastreamer2'
LINPHONE_LIBS='/home/hf/harry.he/linphone_sdk/linphone-3.8.5/coreapi/liblinphone.la /home/hf/harry.he/linphone_sdk/linphone-3.8.5/oRTP/src/libortp.la /home/hf/harry.he/linphone_sdk/linphone-3.8.5/mediastreamer2/src/libmediastreamer_base.la /home/hf/harry.he/linphone_sdk/linphone-3.8.5/mediastreamer2/src/libmediastreamer_voip.la'
LIPO=''
LN_S='ln -s'
LTLIBOBJS=''
MAKEINFO='${SHELL} /home/hf/harry.he/linphone_sdk/mswebrtc/build-aux/missing --run makeinfo'
MANIFEST_TOOL=':'
MKDIR_P='/bin/mkdir -p'
NM='/home/hf/harry.he/arm-linux-androideabi-4.6/bin/arm-linux-androideabi-nm -B'
NMEDIT=''
OBJDUMP='objdump'
OBJEXT='o'
OTOOL64=''
OTOOL=''
PACKAGE='mswebrtc'
PACKAGE_BUGREPORT=''
PACKAGE_NAME='mswebrtc'
PACKAGE_STRING='mswebrtc 1.0.0'
PACKAGE_TARNAME='mswebrtc'
PACKAGE_URL=''
PACKAGE_VERSION='1.0.0'
PATH_SEPARATOR=':'
PKG_CONFIG='/usr/bin/pkg-config'
PKG_CONFIG_LIBDIR=''
PKG_CONFIG_PATH=''
RANLIB='arm-linux-androideabi-ranlib'
SED='/bin/sed'
SET_MAKE=''
SHELL='/bin/bash'
STRICT_CFLAGS='-Werror'
STRIP='arm-linux-androideabi-strip'
VERSION='1.0.0'
ac_ct_AR=''
ac_ct_CC=''
ac_ct_DUMPBIN=''
am__EXEEXT_FALSE=''
am__EXEEXT_TRUE='#'
am__fastdepCC_FALSE='#'
am__fastdepCC_TRUE=''
am__include='include'
am__isrc=''
am__leading_dot='.'
am__nodep='_no'
am__quote=''
am__tar='tar --format=ustar -chf - "$$tardir"'
am__untar='tar -xf -'
bindir='${exec_prefix}/bin'
build='x86_64-unknown-linux-gnu'
build_alias=''
build_cpu='x86_64'
build_os='linux-gnu'
build_vendor='unknown'
datadir='${datarootdir}'
datarootdir='${prefix}/share'
docdir='${datarootdir}/doc/${PACKAGE_TARNAME}'
dvidir='${docdir}'
exec_prefix='${prefix}'
host='arm-unknown-linux-androideabi'
host_alias='arm-linux-androideabi'
host_cpu='arm'
host_os='linux-androideabi'
host_vendor='unknown'
htmldir='${docdir}'
includedir='${prefix}/include'
infodir='${datarootdir}/info'
install_sh='${SHELL} /home/hf/harry.he/linphone_sdk/mswebrtc/build-aux/install-sh'
libdir='${exec_prefix}/lib'
libexecdir='${exec_prefix}/libexec'
localedir='${datarootdir}/locale'
localstatedir='${prefix}/var'
mandir='${datarootdir}/man'
mkdir_p='/bin/mkdir -p'
oldincludedir='/usr/include'
pdfdir='${docdir}'
prefix='/usr/local'
program_transform_name='s,x,x,'
psdir='${docdir}'
sbindir='${exec_prefix}/sbin'
sharedstatedir='${prefix}/com'
sysconfdir='${prefix}/etc'
target='arm-unknown-linux-androideabi'
target_alias=''
target_cpu='arm'
target_os='linux-androideabi'
target_vendor='unknown'

## ----------- ##
## confdefs.h. ##
## ----------- ##

/* confdefs.h */
#define PACKAGE_NAME "mswebrtc"
#define PACKAGE_TARNAME "mswebrtc"
#define PACKAGE_VERSION "1.0.0"
#define PACKAGE_STRING "mswebrtc 1.0.0"
#define PACKAGE_BUGREPORT ""
#define PACKAGE_URL ""
#define PACKAGE "mswebrtc"
#define VERSION "1.0.0"
#define STDC_HEADERS 1
#define HAVE_SYS_TYPES_H 1
#define HAVE_SYS_STAT_H 1
#define HAVE_STDLIB_H 1
#define HAVE_STRING_H 1
#define HAVE_MEMORY_H 1
#define HAVE_STRINGS_H 1
#define HAVE_INTTYPES_H 1
#define HAVE_STDINT_H 1
#define HAVE_UNISTD_H 1
#define HAVE_DLFCN_H 1
#define LT_OBJDIR ".libs/"
#define BUILD_AEC 1

configure: exit 0
