x264 configure script
Command line options: "--host=arm-linux-androideabi" "--disable-asm" "--enable-shared" "--cross-prefix=arm-linux-androideabi-"

checking whether arm-linux-androideabi-gcc works... yes
checking whether arm-linux-androideabi-gcc supports for( int i = 0; i < 9; i++ ); with -std=gnu99... yes
checking for pthread.h... no
Failed commandline was:
--------------------------------------------------
arm-linux-androideabi-gcc conftest.c  -Wall -I. -I$(SRCPATH) -std=gnu99 -lpthread   -lm -o conftest
/home/hf/harry.he/arm-linux-androideabi-4.6/bin/../lib/gcc/arm-linux-androideabi/4.6/../../../../arm-linux-androideabi/bin/ld: error: cannot find -lpthread
collect2: ld returned 1 exit status
--------------------------------------------------
Failed program was:
--------------------------------------------------
#include <pthread.h>
int main () {  return 0; }
--------------------------------------------------
checking for sws_init_context(0,0,0); in libswscale/swscale.h... no
Failed commandline was:
--------------------------------------------------
arm-linux-androideabi-gcc conftest.c  -Wall -I. -I$(SRCPATH) -std=gnu99  -lswscale -lavutil   -lm -o conftest
conftest.c:1:32: fatal error: libswscale/swscale.h: No such file or directory
compilation terminated.
--------------------------------------------------
Failed program was:
--------------------------------------------------
#include <libswscale/swscale.h>
int main () { sws_init_context(0,0,0); return 0; }
--------------------------------------------------
checking for -lpostproc... no
Failed commandline was:
--------------------------------------------------
arm-linux-androideabi-gcc conftest.c  -Wall -I. -I$(SRCPATH) -std=gnu99 -lpostproc   -lm -o conftest
/home/hf/harry.he/arm-linux-androideabi-4.6/bin/../lib/gcc/arm-linux-androideabi/4.6/../../../../arm-linux-androideabi/bin/ld: error: cannot find -lpostproc
collect2: ld returned 1 exit status
--------------------------------------------------
Failed program was:
--------------------------------------------------
int main () {  return 0; }
--------------------------------------------------
checking for -lavcodec... no
Failed commandline was:
--------------------------------------------------
arm-linux-androideabi-gcc conftest.c  -Wall -I. -I$(SRCPATH) -std=gnu99 -lavcodec   -lm -o conftest
/home/hf/harry.he/arm-linux-androideabi-4.6/bin/../lib/gcc/arm-linux-androideabi/4.6/../../../../arm-linux-androideabi/bin/ld: error: cannot find -lavcodec
collect2: ld returned 1 exit status
--------------------------------------------------
Failed program was:
--------------------------------------------------
int main () {  return 0; }
--------------------------------------------------
checking for -lavcore... no
Failed commandline was:
--------------------------------------------------
arm-linux-androideabi-gcc conftest.c  -Wall -I. -I$(SRCPATH) -std=gnu99 -lavcore   -lm -o conftest
/home/hf/harry.he/arm-linux-androideabi-4.6/bin/../lib/gcc/arm-linux-androideabi/4.6/../../../../arm-linux-androideabi/bin/ld: error: cannot find -lavcore
collect2: ld returned 1 exit status
--------------------------------------------------
Failed program was:
--------------------------------------------------
int main () {  return 0; }
--------------------------------------------------
checking for -lswscale... no
Failed commandline was:
--------------------------------------------------
arm-linux-androideabi-gcc conftest.c  -Wall -I. -I$(SRCPATH) -std=gnu99 -lswscale   -lm -o conftest
/home/hf/harry.he/arm-linux-androideabi-4.6/bin/../lib/gcc/arm-linux-androideabi/4.6/../../../../arm-linux-androideabi/bin/ld: error: cannot find -lswscale
collect2: ld returned 1 exit status
--------------------------------------------------
Failed program was:
--------------------------------------------------
int main () {  return 0; }
--------------------------------------------------
checking for -lavutil... no
Failed commandline was:
--------------------------------------------------
arm-linux-androideabi-gcc conftest.c  -Wall -I. -I$(SRCPATH) -std=gnu99 -lavutil   -lm -o conftest
/home/hf/harry.he/arm-linux-androideabi-4.6/bin/../lib/gcc/arm-linux-androideabi/4.6/../../../../arm-linux-androideabi/bin/ld: error: cannot find -lavutil
collect2: ld returned 1 exit status
--------------------------------------------------
Failed program was:
--------------------------------------------------
int main () {  return 0; }
--------------------------------------------------
checking for -lm... yes
checking for -lz... yes
checking for -lbz2... no
Failed commandline was:
--------------------------------------------------
arm-linux-androideabi-gcc conftest.c  -Wall -I. -I$(SRCPATH) -std=gnu99 -lbz2   -lm -o conftest
/home/hf/harry.he/arm-linux-androideabi-4.6/bin/../lib/gcc/arm-linux-androideabi/4.6/../../../../arm-linux-androideabi/bin/ld: error: cannot find -lbz2
collect2: ld returned 1 exit status
--------------------------------------------------
Failed program was:
--------------------------------------------------
int main () {  return 0; }
--------------------------------------------------
checking for -lavifil32... no
Failed commandline was:
--------------------------------------------------
arm-linux-androideabi-gcc conftest.c  -Wall -I. -I$(SRCPATH) -std=gnu99 -lavifil32   -lm -o conftest
/home/hf/harry.he/arm-linux-androideabi-4.6/bin/../lib/gcc/arm-linux-androideabi/4.6/../../../../arm-linux-androideabi/bin/ld: error: cannot find -lavifil32
collect2: ld returned 1 exit status
--------------------------------------------------
Failed program was:
--------------------------------------------------
int main () {  return 0; }
--------------------------------------------------
checking for avformat_close_input(0); in libavformat/avformat.h... no
Failed commandline was:
--------------------------------------------------
arm-linux-androideabi-gcc conftest.c  -Wall -I. -I$(SRCPATH) -std=gnu99  -L. -lavformat -lm -lz   -lm -o conftest
conftest.c:1:34: fatal error: libavformat/avformat.h: No such file or directory
compilation terminated.
--------------------------------------------------
Failed program was:
--------------------------------------------------
#include <libavformat/avformat.h>
int main () { avformat_close_input(0); return 0; }
--------------------------------------------------
checking for FFMS_DestroyVideoSource(0); in ffms.h... no
Failed commandline was:
--------------------------------------------------
arm-linux-androideabi-gcc conftest.c  -Wall -I. -I$(SRCPATH) -std=gnu99  -lffms2   -lm -o conftest
conftest.c:1:18: fatal error: ffms.h: No such file or directory
compilation terminated.
--------------------------------------------------
Failed program was:
--------------------------------------------------
#include <ffms.h>
int main () { FFMS_DestroyVideoSource(0); return 0; }
--------------------------------------------------
checking for FFMS_DestroyVideoSource(0); in ffms.h... no
Failed commandline was:
--------------------------------------------------
arm-linux-androideabi-gcc conftest.c  -Wall -I. -I$(SRCPATH) -std=gnu99  -lffms2 -lstdc++ -L. -lavformat -lm -lz   -lm -o conftest
conftest.c:1:18: fatal error: ffms.h: No such file or directory
compilation terminated.
--------------------------------------------------
Failed program was:
--------------------------------------------------
#include <ffms.h>
int main () { FFMS_DestroyVideoSource(0); return 0; }
--------------------------------------------------
checking for -lz... yes
checking for gpac/isomedia.h... no
Failed commandline was:
--------------------------------------------------
arm-linux-androideabi-gcc conftest.c  -Wall -I. -I$(SRCPATH) -std=gnu99 -lgpac_static -lz   -lm -o conftest
conftest.c:1:27: fatal error: gpac/isomedia.h: No such file or directory
compilation terminated.
--------------------------------------------------
Failed program was:
--------------------------------------------------
#include <gpac/isomedia.h>
int main () {  return 0; }
--------------------------------------------------
checking for stdio.h... yes
checking for -fno-tree-vectorize... yes
checking for fseeko(stdin,0,0); in stdio.h... yes
checking for -Wshadow... yes
checking for perl... yes

platform:      ARM
system:        LINUX
cli:           yes
libx264:       internal
shared:        yes
static:        no
asm:           no
interlaced:    yes
avs:           avxsynth
lavf:          no
ffms:          no
gpac:          no
gpl:           yes
thread:        no
opencl:        yes
filters:       crop select_every 
debug:         no
gprof:         no
strip:         no
PIC:           yes
visualize:     no
bit depth:     8
chroma format: all
